app-launcher/build/intermediates/manifest_merge_blame_file/debug/processDebugMainManifest/manifest-merger-blame-debug-report.txt
1<?xml version="1.0" encoding="utf-8"?>
2<manifest xmlns:android="http://schemas.android.com/apk/res/android"
3    package="com.steplauncher.app"
4    android:versionCode="1"
5    android:versionName="1.0" >
6
7    <uses-sdk
8        android:minSdkVersion="26"
9        android:targetSdkVersion="34" />
10
11    <uses-permission android:name="android.permission.QUERY_ALL_PACKAGES" />
11-->src/main/AndroidManifest.xml:4:5-77
11-->src/main/AndroidManifest.xml:4:22-74
12
13    <permission
13-->[androidx.core:core:1.12.0] AndroidManifest.xml:22:5-24:47
14        android:name="com.steplauncher.app.DYNAMIC_RECEIVER_NOT_EXPORTED_PERMISSION"
14-->[androidx.core:core:1.12.0] AndroidManifest.xml:23:9-81
15        android:protectionLevel="signature" />
15-->[androidx.core:core:1.12.0] AndroidManifest.xml:24:9-44
16
17    <uses-permission android:name="com.steplauncher.app.DYNAMIC_RECEIVER_NOT_EXPORTED_PERMISSION" />
17-->[androidx.core:core:1.12.0] AndroidManifest.xml:26:5-97
17-->[androidx.core:core:1.12.0] AndroidManifest.xml:26:22-94
18
19    <application
19-->src/main/AndroidManifest.xml:6:5-67:19
20        android:allowBackup="true"
20-->src/main/AndroidManifest.xml:7:9-35
21        android:appComponentFactory="androidx.core.app.CoreComponentFactory"
21-->[androidx.core:core:1.12.0] AndroidManifest.xml:28:18-86
22        android:debuggable="true"
23        android:extractNativeLibs="false"
24        android:icon="@drawable/ic_launcher"
24-->src/main/AndroidManifest.xml:8:9-45
25        android:label="Step Launcher"
25-->src/main/AndroidManifest.xml:9:9-38
26        android:supportsRtl="true"
26-->src/main/AndroidManifest.xml:10:9-35
27        android:theme="@style/Theme.StepLauncher" >
27-->src/main/AndroidManifest.xml:11:9-50
28
29        <!-- Main Home Launcher Activity -->
30        <activity
30-->src/main/AndroidManifest.xml:14:9-26:20
31            android:name="com.steplauncher.app.LauncherActivity"
31-->src/main/AndroidManifest.xml:15:13-45
32            android:exported="true"
32-->src/main/AndroidManifest.xml:16:13-36
33            android:launchMode="singleTask"
33-->src/main/AndroidManifest.xml:17:13-44
34            android:stateNotNeeded="true"
34-->src/main/AndroidManifest.xml:18:13-42
35            android:theme="@style/Theme.StepLauncher" >
35-->src/main/AndroidManifest.xml:19:13-54
36            <intent-filter>
36-->src/main/AndroidManifest.xml:20:13-25:29
37                <action android:name="android.intent.action.MAIN" />
37-->src/main/AndroidManifest.xml:21:17-69
37-->src/main/AndroidManifest.xml:21:25-66
38
39                <category android:name="android.intent.category.HOME" />
39-->src/main/AndroidManifest.xml:22:17-73
39-->src/main/AndroidManifest.xml:22:27-70
40                <category android:name="android.intent.category.DEFAULT" />
40-->src/main/AndroidManifest.xml:23:17-76
40-->src/main/AndroidManifest.xml:23:27-73
41                <category android:name="android.intent.category.LAUNCHER" />
41-->src/main/AndroidManifest.xml:24:17-77
41-->src/main/AndroidManifest.xml:24:27-74
42            </intent-filter>
43        </activity>
44
45        <!-- Settings Activity -->
46        <activity
46-->src/main/AndroidManifest.xml:29:9-32:57
47            android:name="com.steplauncher.app.SettingsActivity"
47-->src/main/AndroidManifest.xml:30:13-45
48            android:exported="false"
48-->src/main/AndroidManifest.xml:31:13-37
49            android:theme="@style/Theme.StepLauncher" />
49-->src/main/AndroidManifest.xml:32:13-54
50
51        <!-- Broadcast Receiver for External DockApps -->
52        <receiver
52-->src/main/AndroidManifest.xml:35:9-41:20
53            android:name="com.steplauncher.app.DockAppReceiver"
53-->src/main/AndroidManifest.xml:36:13-44
54            android:exported="true" >
54-->src/main/AndroidManifest.xml:37:13-36
55            <intent-filter>
55-->src/main/AndroidManifest.xml:38:13-40:29
56                <action android:name="com.steplauncher.action.REGISTER_DOCKAPP" />
56-->src/main/AndroidManifest.xml:39:17-83
56-->src/main/AndroidManifest.xml:39:25-80
57            </intent-filter>
58        </receiver>
59
60        <!-- Broadcast Receiver for Package Installation & VFS Auto-Sync -->
61        <receiver
61-->src/main/AndroidManifest.xml:44:9-53:20
62            android:name="com.steplauncher.app.PackageChangeReceiver"
62-->src/main/AndroidManifest.xml:45:13-50
63            android:exported="true" >
63-->src/main/AndroidManifest.xml:46:13-36
64            <intent-filter>
64-->src/main/AndroidManifest.xml:47:13-52:29
65                <action android:name="android.intent.action.PACKAGE_ADDED" />
65-->src/main/AndroidManifest.xml:48:17-78
65-->src/main/AndroidManifest.xml:48:25-75
66                <action android:name="android.intent.action.PACKAGE_REMOVED" />
66-->src/main/AndroidManifest.xml:49:17-80
66-->src/main/AndroidManifest.xml:49:25-77
67                <action android:name="android.intent.action.PACKAGE_CHANGED" />
67-->src/main/AndroidManifest.xml:50:17-80
67-->src/main/AndroidManifest.xml:50:25-77
68
69                <data android:scheme="package" />
69-->src/main/AndroidManifest.xml:51:17-50
69-->src/main/AndroidManifest.xml:51:23-47
70            </intent-filter>
71        </receiver>
72
73        <!-- Standalone AppWidgetProvider Registration -->
74        <receiver
74-->src/main/AndroidManifest.xml:56:9-66:20
75            android:name="com.steplauncher.widget.StepLauncherWidgetProvider"
75-->src/main/AndroidManifest.xml:57:13-78
76            android:exported="true"
76-->src/main/AndroidManifest.xml:58:13-36
77            android:label="StepLauncher Dock Widget" >
77-->src/main/AndroidManifest.xml:59:13-53
78            <intent-filter>
78-->src/main/AndroidManifest.xml:60:13-62:29
79                <action android:name="android.appwidget.action.APPWIDGET_UPDATE" />
79-->src/main/AndroidManifest.xml:61:17-84
79-->src/main/AndroidManifest.xml:61:25-81
80            </intent-filter>
81
82            <meta-data
82-->src/main/AndroidManifest.xml:63:13-65:69
83                android:name="android.appwidget.provider"
83-->src/main/AndroidManifest.xml:64:17-58
84                android:resource="@xml/step_launcher_widget_info" />
84-->src/main/AndroidManifest.xml:65:17-66
85        </receiver>
86
87        <provider
87-->[androidx.emoji2:emoji2:1.2.0] AndroidManifest.xml:24:9-32:20
88            android:name="androidx.startup.InitializationProvider"
88-->[androidx.emoji2:emoji2:1.2.0] AndroidManifest.xml:25:13-67
89            android:authorities="com.steplauncher.app.androidx-startup"
89-->[androidx.emoji2:emoji2:1.2.0] AndroidManifest.xml:26:13-68
90            android:exported="false" >
90-->[androidx.emoji2:emoji2:1.2.0] AndroidManifest.xml:27:13-37
91            <meta-data
91-->[androidx.emoji2:emoji2:1.2.0] AndroidManifest.xml:29:13-31:52
92                android:name="androidx.emoji2.text.EmojiCompatInitializer"
92-->[androidx.emoji2:emoji2:1.2.0] AndroidManifest.xml:30:17-75
93                android:value="androidx.startup" />
93-->[androidx.emoji2:emoji2:1.2.0] AndroidManifest.xml:31:17-49
94            <meta-data
94-->[androidx.lifecycle:lifecycle-process:2.6.1] AndroidManifest.xml:29:13-31:52
95                android:name="androidx.lifecycle.ProcessLifecycleInitializer"
95-->[androidx.lifecycle:lifecycle-process:2.6.1] AndroidManifest.xml:30:17-78
96                android:value="androidx.startup" />
96-->[androidx.lifecycle:lifecycle-process:2.6.1] AndroidManifest.xml:31:17-49
97            <meta-data
97-->[androidx.profileinstaller:profileinstaller:1.3.0] AndroidManifest.xml:29:13-31:52
98                android:name="androidx.profileinstaller.ProfileInstallerInitializer"
98-->[androidx.profileinstaller:profileinstaller:1.3.0] AndroidManifest.xml:30:17-85
99                android:value="androidx.startup" />
99-->[androidx.profileinstaller:profileinstaller:1.3.0] AndroidManifest.xml:31:17-49
100        </provider>
101
102        <receiver
102-->[androidx.profileinstaller:profileinstaller:1.3.0] AndroidManifest.xml:34:9-52:20
103            android:name="androidx.profileinstaller.ProfileInstallReceiver"
103-->[androidx.profileinstaller:profileinstaller:1.3.0] AndroidManifest.xml:35:13-76
104            android:directBootAware="false"
104-->[androidx.profileinstaller:profileinstaller:1.3.0] AndroidManifest.xml:36:13-44
105            android:enabled="true"
105-->[androidx.profileinstaller:profileinstaller:1.3.0] AndroidManifest.xml:37:13-35
106            android:exported="true"
106-->[androidx.profileinstaller:profileinstaller:1.3.0] AndroidManifest.xml:38:13-36
107            android:permission="android.permission.DUMP" >
107-->[androidx.profileinstaller:profileinstaller:1.3.0] AndroidManifest.xml:39:13-57
108            <intent-filter>
108-->[androidx.profileinstaller:profileinstaller:1.3.0] AndroidManifest.xml:40:13-42:29
109                <action android:name="androidx.profileinstaller.action.INSTALL_PROFILE" />
109-->[androidx.profileinstaller:profileinstaller:1.3.0] AndroidManifest.xml:41:17-91
109-->[androidx.profileinstaller:profileinstaller:1.3.0] AndroidManifest.xml:41:25-88
110            </intent-filter>
111            <intent-filter>
111-->[androidx.profileinstaller:profileinstaller:1.3.0] AndroidManifest.xml:43:13-45:29
112                <action android:name="androidx.profileinstaller.action.SKIP_FILE" />
112-->[androidx.profileinstaller:profileinstaller:1.3.0] AndroidManifest.xml:44:17-85
112-->[androidx.profileinstaller:profileinstaller:1.3.0] AndroidManifest.xml:44:25-82
113            </intent-filter>
114            <intent-filter>
114-->[androidx.profileinstaller:profileinstaller:1.3.0] AndroidManifest.xml:46:13-48:29
115                <action android:name="androidx.profileinstaller.action.SAVE_PROFILE" />
115-->[androidx.profileinstaller:profileinstaller:1.3.0] AndroidManifest.xml:47:17-88
115-->[androidx.profileinstaller:profileinstaller:1.3.0] AndroidManifest.xml:47:25-85
116            </intent-filter>
117            <intent-filter>
117-->[androidx.profileinstaller:profileinstaller:1.3.0] AndroidManifest.xml:49:13-51:29
118                <action android:name="androidx.profileinstaller.action.BENCHMARK_OPERATION" />
118-->[androidx.profileinstaller:profileinstaller:1.3.0] AndroidManifest.xml:50:17-95
118-->[androidx.profileinstaller:profileinstaller:1.3.0] AndroidManifest.xml:50:25-92
119            </intent-filter>
120        </receiver>
121    </application>
122
123</manifest>